<?xml version="1.0" encoding="UTF-8"?>
<!-- Generated by org.testng.reporters.JUnitReportReporter -->
<testsuite hostname="LTIN188839" failures="0" tests="13" name="testCases.TC004_BusinessCoursera" time="173.101" errors="0" timestamp="2024-02-09T12:53:34 IST" skipped="0">
  <testcase classname="testCases.TC004_BusinessCoursera" name="searchHomePage" time="53.439"/>
  <testcase classname="testCases.TC004_BusinessCoursera" name="levelSelector" time="5.210"/>
  <testcase classname="testCases.TC004_BusinessCoursera" name="languageSelect" time="7.357"/>
  <testcase classname="testCases.TC004_BusinessCoursera" name="Result" time="2.121"/>
  <testcase classname="testCases.TC004_BusinessCoursera" name="deatilsFirstCard" time="6.675"/>
  <testcase classname="testCases.TC004_BusinessCoursera" name="Headings" time="10.869"/>
  <testcase classname="testCases.TC004_BusinessCoursera" name="Search2" time="12.087"/>
  <testcase classname="testCases.TC004_BusinessCoursera" name="displayLevels" time="2.148"/>
  <testcase classname="testCases.TC004_BusinessCoursera" name="displayLanguages" time="22.612"/>
  <testcase classname="testCases.TC004_BusinessCoursera" name="ThirdtimeHomepage" time="21.274"/>
  <testcase classname="testCases.TC004_BusinessCoursera" name="clickSolution" time="9.746"/>
  <testcase classname="testCases.TC004_BusinessCoursera" name="clickContactUs" time="9.142"/>
  <testcase classname="testCases.TC004_BusinessCoursera" name="details" time="10.421"/>
</testsuite> <!-- testCases.TC004_BusinessCoursera -->
