<?xml version="1.0" encoding="UTF-8"?>
<!-- Generated by org.testng.reporters.JUnitReportReporter -->
<testsuite hostname="LTIN480017" failures="0" tests="13" name="testCases.TC004_BusinessCoursera" time="112.533" errors="0" timestamp="2024-02-27T22:30:25 IST" skipped="0">
  <testcase classname="testCases.TC004_BusinessCoursera" name="searchHomePage" time="10.247"/>
  <testcase classname="testCases.TC004_BusinessCoursera" name="levelSelector" time="3.424"/>
  <testcase classname="testCases.TC004_BusinessCoursera" name="languageSelect" time="7.434"/>
  <testcase classname="testCases.TC004_BusinessCoursera" name="Result" time="2.069"/>
  <testcase classname="testCases.TC004_BusinessCoursera" name="deatilsFirstCard" time="1.285"/>
  <testcase classname="testCases.TC004_BusinessCoursera" name="Headings" time="10.038"/>
  <testcase classname="testCases.TC004_BusinessCoursera" name="Search2" time="27.597"/>
  <testcase classname="testCases.TC004_BusinessCoursera" name="displayLevels" time="0.334"/>
  <testcase classname="testCases.TC004_BusinessCoursera" name="displayLanguages" time="9.490"/>
  <testcase classname="testCases.TC004_BusinessCoursera" name="ThirdtimeHomepage" time="15.275"/>
  <testcase classname="testCases.TC004_BusinessCoursera" name="clickSolution" time="5.134"/>
  <testcase classname="testCases.TC004_BusinessCoursera" name="clickContactUs" time="6.205"/>
  <testcase classname="testCases.TC004_BusinessCoursera" name="details" time="14.001"/>
</testsuite> <!-- testCases.TC004_BusinessCoursera -->
