<?xml version="1.0" encoding="UTF-8"?>
<!-- Generated by org.testng.reporters.JUnitReportReporter -->
<testsuite hostname="LTIN480017" failures="0" tests="8" name="testCases.TC002_WebDevelopmentPage" time="81.130" errors="1" timestamp="2024-02-27T22:21:42 IST" skipped="0">
  <testcase classname="testCases.TC002_WebDevelopmentPage" name="searchHomePage" time="10.212"/>
  <testcase classname="testCases.TC002_WebDevelopmentPage" name="levelSelector" time="3.497"/>
  <testcase classname="testCases.TC002_WebDevelopmentPage" name="languageSelect" time="7.459"/>
  <testcase classname="testCases.TC002_WebDevelopmentPage" name="Result" time="2.068"/>
  <testcase classname="testCases.TC002_WebDevelopmentPage" name="deatilsFirstCard" time="1.038">
    <error message="Cannot read field &quot;left&quot; because &quot;r&quot; is null" type="java.lang.NullPointerException">
      <![CDATA[java.lang.NullPointerException: Cannot read field "left" because "r" is null
at java.base/java.util.TreeMap.rotateLeft(TreeMap.java:2543)
at java.base/java.util.TreeMap.fixAfterDeletion(TreeMap.java:2695)
at java.base/java.util.TreeMap.deleteEntry(TreeMap.java:2656)
at java.base/java.util.TreeMap.remove(TreeMap.java:886)
at org.apache.poi.openxml4j.opc.PackagePartCollection.remove(PackagePartCollection.java:85)
at org.apache.poi.openxml4j.opc.OPCPackage.removePart(OPCPackage.java:986)
at org.apache.poi.openxml4j.opc.PackagePart.getOutputStream(PackagePart.java:526)
at org.apache.poi.xssf.usermodel.XSSFWorkbook.commit(XSSFWorkbook.java:1808)
at org.apache.poi.ooxml.POIXMLDocumentPart.onSave(POIXMLDocumentPart.java:467)
at org.apache.poi.ooxml.POIXMLDocument.write(POIXMLDocument.java:221)
at utilityFiles.ExcelUtils.setCellData(ExcelUtils.java:37)
at pageObjects.WebDevelopmentPage.FirstNameRatingTime(WebDevelopmentPage.java:87)
at testCases.TC002_WebDevelopmentPage.deatilsFirstCard(TC002_WebDevelopmentPage.java:49)
at java.base/jdk.internal.reflect.NativeMethodAccessorImpl.invoke0(Native Method)
at java.base/jdk.internal.reflect.NativeMethodAccessorImpl.invoke(NativeMethodAccessorImpl.java:77)
at java.base/jdk.internal.reflect.DelegatingMethodAccessorImpl.invoke(DelegatingMethodAccessorImpl.java:43)
at java.base/java.lang.reflect.Method.invoke(Method.java:568)
at org.testng.internal.invokers.MethodInvocationHelper.invokeMethod(MethodInvocationHelper.java:139)
at org.testng.internal.invokers.TestInvoker.invokeMethod(TestInvoker.java:664)
at org.testng.internal.invokers.TestInvoker.invokeTestMethod(TestInvoker.java:227)
at org.testng.internal.invokers.MethodRunner.runInSequence(MethodRunner.java:50)
at org.testng.internal.invokers.TestInvoker$MethodInvocationAgent.invoke(TestInvoker.java:957)
at org.testng.internal.invokers.TestInvoker.invokeTestMethods(TestInvoker.java:200)
at org.testng.internal.invokers.TestMethodWorker.invokeTestMethods(TestMethodWorker.java:148)
at org.testng.internal.invokers.TestMethodWorker.run(TestMethodWorker.java:128)
at java.base/java.util.ArrayList.forEach(ArrayList.java:1511)
at org.testng.TestRunner.privateRun(TestRunner.java:848)
at org.testng.TestRunner.run(TestRunner.java:621)
at org.testng.SuiteRunner.runTest(SuiteRunner.java:443)
at org.testng.SuiteRunner$SuiteWorker.run(SuiteRunner.java:481)
at org.testng.internal.thread.ThreadUtil.lambda$execute$0(ThreadUtil.java:58)
at java.base/java.util.concurrent.FutureTask.run(FutureTask.java:264)
at java.base/java.util.concurrent.ThreadPoolExecutor.runWorker(ThreadPoolExecutor.java:1136)
at java.base/java.util.concurrent.ThreadPoolExecutor$Worker.run(ThreadPoolExecutor.java:635)
at java.base/java.lang.Thread.run(Thread.java:833)
]]>
    </error>
  </testcase> <!-- deatilsFirstCard -->
  <testcase classname="testCases.TC002_WebDevelopmentPage" name="Headings" time="5.788"/>
  <testcase classname="testCases.TC002_WebDevelopmentPage" name="Search2" time="18.088"/>
  <testcase classname="testCases.TC002_WebDevelopmentPage" name="ThirdtimeHomepage" time="32.980"/>
</testsuite> <!-- testCases.TC002_WebDevelopmentPage -->
