<?xml version="1.0" encoding="UTF-8"?>
<!-- Generated by org.testng.reporters.JUnitReportReporter -->
<testsuite hostname="LTIN480017" failures="0" tests="13" name="testCases.TC004_BusinessCoursera" time="63.156" errors="0" timestamp="2024-02-18T00:59:50 IST" skipped="0">
  <testcase classname="testCases.TC004_BusinessCoursera" name="searchHomePage" time="8.020"/>
  <testcase classname="testCases.TC004_BusinessCoursera" name="levelSelector" time="3.225"/>
  <testcase classname="testCases.TC004_BusinessCoursera" name="languageSelect" time="6.264"/>
  <testcase classname="testCases.TC004_BusinessCoursera" name="Result" time="2.044"/>
  <testcase classname="testCases.TC004_BusinessCoursera" name="deatilsFirstCard" time="1.124"/>
  <testcase classname="testCases.TC004_BusinessCoursera" name="Headings" time="3.468"/>
  <testcase classname="testCases.TC004_BusinessCoursera" name="Search2" time="6.198"/>
  <testcase classname="testCases.TC004_BusinessCoursera" name="displayLevels" time="0.218"/>
  <testcase classname="testCases.TC004_BusinessCoursera" name="displayLanguages" time="8.272"/>
  <testcase classname="testCases.TC004_BusinessCoursera" name="ThirdtimeHomepage" time="11.684"/>
  <testcase classname="testCases.TC004_BusinessCoursera" name="clickSolution" time="4.047"/>
  <testcase classname="testCases.TC004_BusinessCoursera" name="clickContactUs" time="4.838"/>
  <testcase classname="testCases.TC004_BusinessCoursera" name="details" time="3.754"/>
</testsuite> <!-- testCases.TC004_BusinessCoursera -->
