<?xml version="1.0" encoding="UTF-8"?>
<!-- Generated by org.testng.reporters.JUnitReportReporter -->
<testsuite hostname="LTIN480017" failures="0" tests="13" name="testCases.TC004_BusinessCoursera" time="101.726" errors="0" timestamp="2024-02-27T22:26:19 IST" skipped="0">
  <testcase classname="testCases.TC004_BusinessCoursera" name="searchHomePage" time="9.226"/>
  <testcase classname="testCases.TC004_BusinessCoursera" name="levelSelector" time="3.354"/>
  <testcase classname="testCases.TC004_BusinessCoursera" name="languageSelect" time="7.377"/>
  <testcase classname="testCases.TC004_BusinessCoursera" name="Result" time="2.061"/>
  <testcase classname="testCases.TC004_BusinessCoursera" name="deatilsFirstCard" time="1.691"/>
  <testcase classname="testCases.TC004_BusinessCoursera" name="Headings" time="7.086"/>
  <testcase classname="testCases.TC004_BusinessCoursera" name="Search2" time="8.427"/>
  <testcase classname="testCases.TC004_BusinessCoursera" name="displayLevels" time="0.279"/>
  <testcase classname="testCases.TC004_BusinessCoursera" name="displayLanguages" time="9.177"/>
  <testcase classname="testCases.TC004_BusinessCoursera" name="ThirdtimeHomepage" time="26.081"/>
  <testcase classname="testCases.TC004_BusinessCoursera" name="clickSolution" time="7.279"/>
  <testcase classname="testCases.TC004_BusinessCoursera" name="clickContactUs" time="5.511"/>
  <testcase classname="testCases.TC004_BusinessCoursera" name="details" time="14.177"/>
</testsuite> <!-- testCases.TC004_BusinessCoursera -->
